# JRE version: OpenJDK Runtime Environment (11.0.7+10) (build 11.0.7+10)
# Java VM: OpenJDK 64-Bit Server VM (11.0.7+10, mixed mode, tiered, compressed oops, parallel gc, bsd-amd64)
Heap:
 PSYoungGen      total 23040K, used 255K [0x00000007eab00000, 0x00000007ec380000, 0x0000000800000000)
  eden space 22016K, 1% used [0x00000007eab00000,0x00000007eab3fff0,0x00000007ec080000)
  from space 1024K, 0% used [0x00000007ec080000,0x00000007ec080000,0x00000007ec180000)
  to   space 1536K, 0% used [0x00000007ec200000,0x00000007ec200000,0x00000007ec380000)
 ParOldGen       total 68608K, used 21984K [0x00000007c0000000, 0x00000007c4300000, 0x00000007eab00000)
  object space 68608K, 32% used [0x00000007c0000000,0x00000007c1578058,0x00000007c4300000)
 Metaspace       used 33232K, capacity 35152K, committed 35584K, reserved 1081344K
  class space    used 3137K, capacity 3738K, committed 3840K, reserved 1048576K
GC Heap History (20 events):
Event: 3.229 GC heap before
{Heap before GC invocations=8 (full 1):
 PSYoungGen      total 27136K, used 27120K [0x00000007eab00000, 0x00000007ec900000, 0x0000000800000000)
  eden space 24576K, 100% used [0x00000007eab00000,0x00000007ec300000,0x00000007ec300000)
  from space 2560K, 99% used [0x00000007ec600000,0x00000007ec87c090,0x00000007ec880000)
  to   space 3072K, 0% used [0x00000007ec300000,0x00000007ec300000,0x00000007ec600000)
 ParOldGen       total 68608K, used 6734K [0x00000007c0000000, 0x00000007c4300000, 0x00000007eab00000)
  object space 68608K, 9% used [0x00000007c0000000,0x00000007c0693b20,0x00000007c4300000)
 Metaspace       used 30515K, capacity 32221K, committed 32512K, reserved 1079296K
  class space    used 2925K, capacity 3549K, committed 3584K, reserved 1048576K
}
Event: 3.231 GC heap after
{Heap after GC invocations=8 (full 1):
 PSYoungGen      total 27136K, used 3071K [0x00000007eab00000, 0x00000007ecb80000, 0x0000000800000000)
  eden space 24064K, 0% used [0x00000007eab00000,0x00000007eab00000,0x00000007ec280000)
  from space 3072K, 99% used [0x00000007ec300000,0x00000007ec5ffe58,0x00000007ec600000)
  to   space 4608K, 0% used [0x00000007ec700000,0x00000007ec700000,0x00000007ecb80000)
 ParOldGen       total 68608K, used 7602K [0x00000007c0000000, 0x00000007c4300000, 0x00000007eab00000)
  object space 68608K, 11% used [0x00000007c0000000,0x00000007c076cb50,0x00000007c4300000)
 Metaspace       used 30515K, capacity 32221K, committed 32512K, reserved 1079296K
  class space    used 2925K, capacity 3549K, committed 3584K, reserved 1048576K
}
Event: 3.355 GC heap before
{Heap before GC invocations=9 (full 1):
 PSYoungGen      total 27136K, used 27135K [0x00000007eab00000, 0x00000007ecb80000, 0x0000000800000000)
  eden space 24064K, 100% used [0x00000007eab00000,0x00000007ec280000,0x00000007ec280000)
  from space 3072K, 99% used [0x00000007ec300000,0x00000007ec5ffe58,0x00000007ec600000)
  to   space 4608K, 0% used [0x00000007ec700000,0x00000007ec700000,0x00000007ecb80000)
 ParOldGen       total 68608K, used 7602K [0x00000007c0000000, 0x00000007c4300000, 0x00000007eab00000)
  object space 68608K, 11% used [0x00000007c0000000,0x00000007c076cb50,0x00000007c4300000)
 Metaspace       used 30688K, capacity 32375K, committed 32512K, reserved 1079296K
  class space    used 2941K, capacity 3558K, committed 3584K, reserved 1048576K
}
Event: 3.359 GC heap after
{Heap after GC invocations=9 (full 1):
 PSYoungGen      total 27648K, used 4600K [0x00000007eab00000, 0x00000007ecd00000, 0x0000000800000000)
  eden space 23040K, 0% used [0x00000007eab00000,0x00000007eab00000,0x00000007ec180000)
  from space 4608K, 99% used [0x00000007ec700000,0x00000007ecb7e1d0,0x00000007ecb80000)
  to   space 5632K, 0% used [0x00000007ec180000,0x00000007ec180000,0x00000007ec700000)
 ParOldGen       total 68608K, used 8058K [0x00000007c0000000, 0x00000007c4300000, 0x00000007eab00000)
  object space 68608K, 11% used [0x00000007c0000000,0x00000007c07deb50,0x00000007c4300000)
 Metaspace       used 30688K, capacity 32375K, committed 32512K, reserved 1079296K
  class space    used 2941K, capacity 3558K, committed 3584K, reserved 1048576K
}
Event: 3.432 GC heap before
{Heap before GC invocations=10 (full 1):
 PSYoungGen      total 27648K, used 27640K [0x00000007eab00000, 0x00000007ecd00000, 0x0000000800000000)
  eden space 23040K, 100% used [0x00000007eab00000,0x00000007ec180000,0x00000007ec180000)
  from space 4608K, 99% used [0x00000007ec700000,0x00000007ecb7e1d0,0x00000007ecb80000)
  to   space 5632K, 0% used [0x00000007ec180000,0x00000007ec180000,0x00000007ec700000)
 ParOldGen       total 68608K, used 8058K [0x00000007c0000000, 0x00000007c4300000, 0x00000007eab00000)
  object space 68608K, 11% used [0x00000007c0000000,0x00000007c07deb50,0x00000007c4300000)
 Metaspace       used 30717K, capacity 32376K, committed 32512K, reserved 1079296K
  class space    used 2941K, capacity 3558K, committed 3584K, reserved 1048576K
}
Event: 3.435 GC heap after
{Heap after GC invocations=10 (full 1):
 PSYoungGen      total 27136K, used 4576K [0x00000007eab00000, 0x00000007ecb00000, 0x0000000800000000)
  eden space 22528K, 0% used [0x00000007eab00000,0x00000007eab00000,0x00000007ec100000)
  from space 4608K, 99% used [0x00000007ec180000,0x00000007ec5f8020,0x00000007ec600000)
  to   space 5120K, 0% used [0x00000007ec600000,0x00000007ec600000,0x00000007ecb00000)
 ParOldGen       total 68608K, used 9988K [0x00000007c0000000, 0x00000007c4300000, 0x00000007eab00000)
  object space 68608K, 14% used [0x00000007c0000000,0x00000007c09c1228,0x00000007c4300000)
 Metaspace       used 30717K, capacity 32376K, committed 32512K, reserved 1079296K
  class space    used 2941K, capacity 3558K, committed 3584K, reserved 1048576K
}
Event: 3.496 GC heap before
{Heap before GC invocations=11 (full 1):
 PSYoungGen      total 27136K, used 27104K [0x00000007eab00000, 0x00000007ecb00000, 0x0000000800000000)
  eden space 22528K, 100% used [0x00000007eab00000,0x00000007ec100000,0x00000007ec100000)
  from space 4608K, 99% used [0x00000007ec180000,0x00000007ec5f8020,0x00000007ec600000)
  to   space 5120K, 0% used [0x00000007ec600000,0x00000007ec600000,0x00000007ecb00000)
 ParOldGen       total 68608K, used 9988K [0x00000007c0000000, 0x00000007c4300000, 0x00000007eab00000)
  object space 68608K, 14% used [0x00000007c0000000,0x00000007c09c1228,0x00000007c4300000)
 Metaspace       used 30812K, capacity 32504K, committed 32768K, reserved 1079296K
  class space    used 2945K, capacity 3558K, committed 3584K, reserved 1048576K
}
Event: 3.500 GC heap after
{Heap after GC invocations=11 (full 1):
 PSYoungGen      total 26112K, used 3826K [0x00000007eab00000, 0x00000007eca00000, 0x0000000800000000)
  eden space 22016K, 0% used [0x00000007eab00000,0x00000007eab00000,0x00000007ec080000)
  from space 4096K, 93% used [0x00000007ec600000,0x00000007ec9bcb28,0x00000007eca00000)
  to   space 4608K, 0% used [0x00000007ec100000,0x00000007ec100000,0x00000007ec580000)
 ParOldGen       total 68608K, used 12613K [0x00000007c0000000, 0x00000007c4300000, 0x00000007eab00000)
  object space 68608K, 18% used [0x00000007c0000000,0x00000007c0c517a0,0x00000007c4300000)
 Metaspace       used 30812K, capacity 32504K, committed 32768K, reserved 1079296K
  class space    used 2945K, capacity 3558K, committed 3584K, reserved 1048576K
}
Event: 3.561 GC heap before
{Heap before GC invocations=12 (full 1):
 PSYoungGen      total 26112K, used 25842K [0x00000007eab00000, 0x00000007eca00000, 0x0000000800000000)
  eden space 22016K, 100% used [0x00000007eab00000,0x00000007ec080000,0x00000007ec080000)
  from space 4096K, 93% used [0x00000007ec600000,0x00000007ec9bcb28,0x00000007eca00000)
  to   space 4608K, 0% used [0x00000007ec100000,0x00000007ec100000,0x00000007ec580000)
 ParOldGen       total 68608K, used 12613K [0x00000007c0000000, 0x00000007c4300000, 0x00000007eab00000)
  object space 68608K, 18% used [0x00000007c0000000,0x00000007c0c517a0,0x00000007c4300000)
 Metaspace       used 30889K, capacity 32600K, committed 32896K, reserved 1079296K
  class space    used 2952K, capacity 3590K, committed 3712K, reserved 1048576K
}
Event: 3.565 GC heap after
{Heap after GC invocations=12 (full 1):
 PSYoungGen      total 24576K, used 2400K [0x00000007eab00000, 0x00000007ec680000, 0x0000000800000000)
  eden space 22016K, 0% used [0x00000007eab00000,0x00000007eab00000,0x00000007ec080000)
  from space 2560K, 93% used [0x00000007ec100000,0x00000007ec358010,0x00000007ec380000)
  to   space 3072K, 0% used [0x00000007ec380000,0x00000007ec380000,0x00000007ec680000)
 ParOldGen       total 68608K, used 16304K [0x00000007c0000000, 0x00000007c4300000, 0x00000007eab00000)
  object space 68608K, 23% used [0x00000007c0000000,0x00000007c0fec2c8,0x00000007c4300000)
 Metaspace       used 30889K, capacity 32600K, committed 32896K, reserved 1079296K
  class space    used 2952K, capacity 3590K, committed 3712K, reserved 1048576K
}
Event: 3.602 GC heap before
{Heap before GC invocations=13 (full 1):
 PSYoungGen      total 24576K, used 24416K [0x00000007eab00000, 0x00000007ec680000, 0x0000000800000000)
  eden space 22016K, 100% used [0x00000007eab00000,0x00000007ec080000,0x00000007ec080000)
  from space 2560K, 93% used [0x00000007ec100000,0x00000007ec358010,0x00000007ec380000)
  to   space 3072K, 0% used [0x00000007ec380000,0x00000007ec380000,0x00000007ec680000)
 ParOldGen       total 68608K, used 16304K [0x00000007c0000000, 0x00000007c4300000, 0x00000007eab00000)
  object space 68608K, 23% used [0x00000007c0000000,0x00000007c0fec2c8,0x00000007c4300000)
 Metaspace       used 30893K, capacity 32664K, committed 32896K, reserved 1079296K
  class space    used 2952K, capacity 3590K, committed 3712K, reserved 1048576K
}
Event: 3.605 GC heap after
{Heap after GC invocations=13 (full 1):
 PSYoungGen      total 24576K, used 2272K [0x00000007eab00000, 0x00000007ec600000, 0x0000000800000000)
  eden space 22016K, 0% used [0x00000007eab00000,0x00000007eab00000,0x00000007ec080000)
  from space 2560K, 88% used [0x00000007ec380000,0x00000007ec5b8010,0x00000007ec600000)
  to   space 2560K, 0% used [0x00000007ec100000,0x00000007ec100000,0x00000007ec380000)
 ParOldGen       total 68608K, used 18587K [0x00000007c0000000, 0x00000007c4300000, 0x00000007eab00000)
  object space 68608K, 27% used [0x00000007c0000000,0x00000007c1226fd8,0x00000007c4300000)
 Metaspace       used 30893K, capacity 32664K, committed 32896K, reserved 1079296K
  class space    used 2952K, capacity 3590K, committed 3712K, reserved 1048576K
}
Event: 3.652 GC heap before
{Heap before GC invocations=14 (full 1):
 PSYoungGen      total 24576K, used 24288K [0x00000007eab00000, 0x00000007ec600000, 0x0000000800000000)
  eden space 22016K, 100% used [0x00000007eab00000,0x00000007ec080000,0x00000007ec080000)
  from space 2560K, 88% used [0x00000007ec380000,0x00000007ec5b8010,0x00000007ec600000)
  to   space 2560K, 0% used [0x00000007ec100000,0x00000007ec100000,0x00000007ec380000)
 ParOldGen       total 68608K, used 18587K [0x00000007c0000000, 0x00000007c4300000, 0x00000007eab00000)
  object space 68608K, 27% used [0x00000007c0000000,0x00000007c1226fd8,0x00000007c4300000)
 Metaspace       used 30893K, capacity 32664K, committed 32896K, reserved 1079296K
  class space    used 2952K, capacity 3590K, committed 3712K, reserved 1048576K
}
Event: 3.655 GC heap after
{Heap after GC invocations=14 (full 1):
 PSYoungGen      total 24064K, used 1984K [0x00000007eab00000, 0x00000007ec580000, 0x0000000800000000)
  eden space 22016K, 0% used [0x00000007eab00000,0x00000007eab00000,0x00000007ec080000)
  from space 2048K, 96% used [0x00000007ec100000,0x00000007ec2f0000,0x00000007ec300000)
  to   space 2560K, 0% used [0x00000007ec300000,0x00000007ec300000,0x00000007ec580000)
 ParOldGen       total 68608K, used 20731K [0x00000007c0000000, 0x00000007c4300000, 0x00000007eab00000)
  object space 68608K, 30% used [0x00000007c0000000,0x00000007c143efe8,0x00000007c4300000)
 Metaspace       used 30893K, capacity 32664K, committed 32896K, reserved 1079296K
  class space    used 2952K, capacity 3590K, committed 3712K, reserved 1048576K
}
Event: 3.903 GC heap before
{Heap before GC invocations=15 (full 1):
 PSYoungGen      total 24064K, used 23981K [0x00000007eab00000, 0x00000007ec580000, 0x0000000800000000)
  eden space 22016K, 99% used [0x00000007eab00000,0x00000007ec07b420,0x00000007ec080000)
  from space 2048K, 96% used [0x00000007ec100000,0x00000007ec2f0000,0x00000007ec300000)
  to   space 2560K, 0% used [0x00000007ec300000,0x00000007ec300000,0x00000007ec580000)
 ParOldGen       total 68608K, used 20731K [0x00000007c0000000, 0x00000007c4300000, 0x00000007eab00000)
  object space 68608K, 30% used [0x00000007c0000000,0x00000007c143efe8,0x00000007c4300000)
 Metaspace       used 31668K, capacity 33547K, committed 33920K, reserved 1079296K
  class space    used 3029K, capacity 3608K, committed 3712K, reserved 1048576K
}
Event: 3.906 GC heap after
{Heap after GC invocations=15 (full 1):
 PSYoungGen      total 24576K, used 2400K [0x00000007eab00000, 0x00000007ec580000, 0x0000000800000000)
  eden space 22016K, 0% used [0x00000007eab00000,0x00000007eab00000,0x00000007ec080000)
  from space 2560K, 93% used [0x00000007ec300000,0x00000007ec558200,0x00000007ec580000)
  to   space 2560K, 0% used [0x00000007ec080000,0x00000007ec080000,0x00000007ec300000)
 ParOldGen       total 68608K, used 22610K [0x00000007c0000000, 0x00000007c4300000, 0x00000007eab00000)
  object space 68608K, 32% used [0x00000007c0000000,0x00000007c1614868,0x00000007c4300000)
 Metaspace       used 31668K, capacity 33547K, committed 33920K, reserved 1079296K
  class space    used 3029K, capacity 3608K, committed 3712K, reserved 1048576K
}
Event: 4.050 GC heap before
{Heap before GC invocations=16 (full 1):
 PSYoungGen      total 24576K, used 22389K [0x00000007eab00000, 0x00000007ec580000, 0x0000000800000000)
  eden space 22016K, 90% used [0x00000007eab00000,0x00000007ebe855b8,0x00000007ec080000)
  from space 2560K, 93% used [0x00000007ec300000,0x00000007ec558200,0x00000007ec580000)
  to   space 2560K, 0% used [0x00000007ec080000,0x00000007ec080000,0x00000007ec300000)
 ParOldGen       total 68608K, used 22610K [0x00000007c0000000, 0x00000007c4300000, 0x00000007eab00000)
  object space 68608K, 32% used [0x00000007c0000000,0x00000007c1614868,0x00000007c4300000)
 Metaspace       used 33207K, capacity 35085K, committed 35328K, reserved 1081344K
  class space    used 3136K, capacity 3737K, committed 3840K, reserved 1048576K
}
Event: 4.054 GC heap after
{Heap after GC invocations=16 (full 1):
 PSYoungGen      total 23040K, used 676K [0x00000007eab00000, 0x00000007ec380000, 0x0000000800000000)
  eden space 22016K, 0% used [0x00000007eab00000,0x00000007eab00000,0x00000007ec080000)
  from space 1024K, 66% used [0x00000007ec080000,0x00000007ec129398,0x00000007ec180000)
  to   space 1536K, 0% used [0x00000007ec200000,0x00000007ec200000,0x00000007ec380000)
 ParOldGen       total 68608K, used 24836K [0x00000007c0000000, 0x00000007c4300000, 0x00000007eab00000)
  object space 68608K, 36% used [0x00000007c0000000,0x00000007c1841370,0x00000007c4300000)
 Metaspace       used 33207K, capacity 35085K, committed 35328K, reserved 1081344K
  class space    used 3136K, capacity 3737K, committed 3840K, reserved 1048576K
}
Event: 4.054 GC heap before
{Heap before GC invocations=17 (full 2):
 PSYoungGen      total 23040K, used 676K [0x00000007eab00000, 0x00000007ec380000, 0x0000000800000000)
  eden space 22016K, 0% used [0x00000007eab00000,0x00000007eab00000,0x00000007ec080000)
  from space 1024K, 66% used [0x00000007ec080000,0x00000007ec129398,0x00000007ec180000)
  to   space 1536K, 0% used [0x00000007ec200000,0x00000007ec200000,0x00000007ec380000)
 ParOldGen       total 68608K, used 24836K [0x00000007c0000000, 0x00000007c4300000, 0x00000007eab00000)
  object space 68608K, 36% used [0x00000007c0000000,0x00000007c1841370,0x00000007c4300000)
 Metaspace       used 33207K, capacity 35085K, committed 35328K, reserved 1081344K
  class space    used 3136K, capacity 3737K, committed 3840K, reserved 1048576K
}
Event: 4.140 GC heap after
{Heap after GC invocations=17 (full 2):
 PSYoungGen      total 23040K, used 0K [0x00000007eab00000, 0x00000007ec380000, 0x0000000800000000)
  eden space 22016K, 0% used [0x00000007eab00000,0x00000007eab00000,0x00000007ec080000)
  from space 1024K, 0% used [0x00000007ec080000,0x00000007ec080000,0x00000007ec180000)
  to   space 1536K, 0% used [0x00000007ec200000,0x00000007ec200000,0x00000007ec380000)
 ParOldGen       total 68608K, used 21984K [0x00000007c0000000, 0x00000007c4300000, 0x00000007eab00000)
  object space 68608K, 32% used [0x00000007c0000000,0x00000007c1578058,0x00000007c4300000)
 Metaspace       used 33207K, capacity 35085K, committed 35328K, reserved 1081344K
  class space    used 3136K, capacity 3737K, committed 3840K, reserved 1048576K
}

